<?xml version="1.0" encoding="UTF-8"?>
<!-- Generated by org.testng.reporters.JUnitReportReporter -->
<testsuite hostname="CHL126630" failures="0" tests="1" name="com.MyTests.LoginTest" time="12.776" errors="0" timestamp="2021-08-10T10:45:02 IST" skipped="0">
  <testcase classname="com.MyTests.LoginTest" name="verifyLoginPageTitleTest" time="12.776"/>
  <system-out/>
</testsuite> <!-- com.MyTests.LoginTest -->
